<?xml version="1.0" encoding="UTF-8"?>
<testsuite name="com.dodam.hotel.service.PayServiceTest" tests="1" skipped="0" failures="0" errors="0" timestamp="2023-06-02T06:37:01" hostname="ihyeonseoui-MacBookAir.local" time="0.455">
  <properties/>
  <testcase name="refundTest()" classname="com.dodam.hotel.service.PayServiceTest" time="0.455"/>
  <system-out><![CDATA[15:36:52.377 [Test worker] DEBUG org.springframework.test.context.BootstrapUtils - Instantiating CacheAwareContextLoaderDelegate from class [org.springframework.test.context.cache.DefaultCacheAwareContextLoaderDelegate]
15:36:52.388 [Test worker] DEBUG org.springframework.test.context.BootstrapUtils - Instantiating BootstrapContext using constructor [public org.springframework.test.context.support.DefaultBootstrapContext(java.lang.Class,org.springframework.test.context.CacheAwareContextLoaderDelegate)]
15:36:52.465 [Test worker] DEBUG org.springframework.test.context.BootstrapUtils - Instantiating TestContextBootstrapper for test class [com.dodam.hotel.service.PayServiceTest] from class [org.springframework.boot.test.context.SpringBootTestContextBootstrapper]
15:36:52.486 [Test worker] INFO org.springframework.boot.test.context.SpringBootTestContextBootstrapper - Neither @ContextConfiguration nor @ContextHierarchy found for test class [com.dodam.hotel.service.PayServiceTest], using SpringBootContextLoader
15:36:52.493 [Test worker] DEBUG org.springframework.test.context.support.AbstractContextLoader - Did not detect default resource location for test class [com.dodam.hotel.service.PayServiceTest]: class path resource [com/dodam/hotel/service/PayServiceTest-context.xml] does not exist
15:36:52.494 [Test worker] DEBUG org.springframework.test.context.support.AbstractContextLoader - Did not detect default resource location for test class [com.dodam.hotel.service.PayServiceTest]: class path resource [com/dodam/hotel/service/PayServiceTestContext.groovy] does not exist
15:36:52.495 [Test worker] INFO org.springframework.test.context.support.AbstractContextLoader - Could not detect default resource locations for test class [com.dodam.hotel.service.PayServiceTest]: no resource found for suffixes {-context.xml, Context.groovy}.
15:36:52.497 [Test worker] INFO org.springframework.test.context.support.AnnotationConfigContextLoaderUtils - Could not detect default configuration classes for test class [com.dodam.hotel.service.PayServiceTest]: PayServiceTest does not declare any static, non-private, non-final, nested classes annotated with @Configuration.
15:36:52.564 [Test worker] DEBUG org.springframework.test.context.support.ActiveProfilesUtils - Could not find an 'annotation declaring class' for annotation type [org.springframework.test.context.ActiveProfiles] and class [com.dodam.hotel.service.PayServiceTest]
15:36:52.682 [Test worker] DEBUG org.springframework.context.annotation.ClassPathScanningCandidateComponentProvider - Identified candidate component class: file [/Users/ihyeonseo/Documents/hotel/build/classes/java/main/com/dodam/hotel/HotelApplication.class]
15:36:52.685 [Test worker] INFO org.springframework.boot.test.context.SpringBootTestContextBootstrapper - Found @SpringBootConfiguration com.dodam.hotel.HotelApplication for test class com.dodam.hotel.service.PayServiceTest
15:36:52.867 [Test worker] DEBUG org.springframework.boot.test.context.SpringBootTestContextBootstrapper - @TestExecutionListeners is not present for class [com.dodam.hotel.service.PayServiceTest]: using defaults.
15:36:52.869 [Test worker] INFO org.springframework.boot.test.context.SpringBootTestContextBootstrapper - Loaded default TestExecutionListener class names from location [META-INF/spring.factories]: [org.springframework.boot.test.autoconfigure.restdocs.RestDocsTestExecutionListener, org.springframework.boot.test.autoconfigure.web.client.MockRestServiceServerResetTestExecutionListener, org.springframework.boot.test.autoconfigure.web.servlet.MockMvcPrintOnlyOnFailureTestExecutionListener, org.springframework.boot.test.autoconfigure.web.servlet.WebDriverTestExecutionListener, org.springframework.boot.test.autoconfigure.webservices.client.MockWebServiceServerTestExecutionListener, org.springframework.boot.test.mock.mockito.MockitoTestExecutionListener, org.springframework.boot.test.mock.mockito.ResetMocksTestExecutionListener, org.springframework.test.context.web.ServletTestExecutionListener, org.springframework.test.context.support.DirtiesContextBeforeModesTestExecutionListener, org.springframework.test.context.event.ApplicationEventsTestExecutionListener, org.springframework.test.context.support.DependencyInjectionTestExecutionListener, org.springframework.test.context.support.DirtiesContextTestExecutionListener, org.springframework.test.context.transaction.TransactionalTestExecutionListener, org.springframework.test.context.jdbc.SqlScriptsTestExecutionListener, org.springframework.test.context.event.EventPublishingTestExecutionListener]
15:36:52.895 [Test worker] INFO org.springframework.boot.test.context.SpringBootTestContextBootstrapper - Using TestExecutionListeners: [org.springframework.test.context.web.ServletTestExecutionListener@6e0d4a8, org.springframework.test.context.support.DirtiesContextBeforeModesTestExecutionListener@64d7b720, org.springframework.test.context.event.ApplicationEventsTestExecutionListener@30272916, org.springframework.boot.test.mock.mockito.MockitoTestExecutionListener@5bb3d42d, org.springframework.boot.test.autoconfigure.SpringBootDependencyInjectionTestExecutionListener@5bf61e67, org.springframework.test.context.support.DirtiesContextTestExecutionListener@2c1dc8e, org.springframework.test.context.transaction.TransactionalTestExecutionListener@b273a59, org.springframework.test.context.jdbc.SqlScriptsTestExecutionListener@4e7095ac, org.springframework.test.context.event.EventPublishingTestExecutionListener@251ebf23, org.springframework.boot.test.autoconfigure.restdocs.RestDocsTestExecutionListener@29b732a2, org.springframework.boot.test.autoconfigure.web.client.MockRestServiceServerResetTestExecutionListener@1b70203f, org.springframework.boot.test.autoconfigure.web.servlet.MockMvcPrintOnlyOnFailureTestExecutionListener@51671b08, org.springframework.boot.test.autoconfigure.web.servlet.WebDriverTestExecutionListener@15051a0, org.springframework.boot.test.autoconfigure.webservices.client.MockWebServiceServerTestExecutionListener@1162410a, org.springframework.boot.test.mock.mockito.ResetMocksTestExecutionListener@b09fac1]
15:36:52.899 [Test worker] DEBUG org.springframework.test.context.support.AbstractDirtiesContextTestExecutionListener - Before test class: context [DefaultTestContext@63034ed1 testClass = PayServiceTest, testInstance = [null], testMethod = [null], testException = [null], mergedContextConfiguration = [WebMergedContextConfiguration@232024b9 testClass = PayServiceTest, locations = '{}', classes = '{class com.dodam.hotel.HotelApplication}', contextInitializerClasses = '[]', activeProfiles = '{}', propertySourceLocations = '{}', propertySourceProperties = '{org.springframework.boot.test.context.SpringBootTestContextBootstrapper=true}', contextCustomizers = set[org.springframework.boot.test.autoconfigure.actuate.metrics.MetricsExportContextCustomizerFactory$DisableMetricExportContextCustomizer@2dbe250d, org.springframework.boot.test.autoconfigure.properties.PropertyMappingContextCustomizer@0, org.springframework.boot.test.autoconfigure.web.servlet.WebDriverContextCustomizerFactory$Customizer@6b5894c8, org.springframework.boot.test.context.filter.ExcludeFilterContextCustomizer@5b64c4b7, org.springframework.boot.test.json.DuplicateJsonObjectContextCustomizerFactory$DuplicateJsonObjectContextCustomizer@458342d3, org.springframework.boot.test.mock.mockito.MockitoContextCustomizer@0, org.springframework.boot.test.web.client.TestRestTemplateContextCustomizer@83298d7, org.springframework.boot.test.web.reactive.server.WebTestClientContextCustomizer@6f603e89, org.springframework.boot.test.context.SpringBootTestArgs@1, org.springframework.boot.test.context.SpringBootTestWebEnvironment@2b9ed6da], resourceBasePath = 'src/main/webapp', contextLoader = 'org.springframework.boot.test.context.SpringBootContextLoader', parent = [null]], attributes = map['org.springframework.test.context.web.ServletTestExecutionListener.activateListener' -> true]], class annotated with @DirtiesContext [false] with mode [null].

  .   ____          _            __ _ _
 /\\ / ___'_ __ _ _(_)_ __  __ _ \ \ \ \
( ( )\___ | '_ | '_| | '_ \/ _` | \ \ \ \
 \\/  ___)| |_)| | | | | || (_| |  ) ) ) )
  '  |____| .__|_| |_|_| |_\__, | / / / /
 =========|_|==============|___/=/_/_/_/
 :: Spring Boot ::               (v2.7.11)

2023-06-02 15:36:53.564  INFO 71552 --- [    Test worker] com.dodam.hotel.service.PayServiceTest   : Starting PayServiceTest using Java 11.0.11 on ihyeonseoui-MacBookAir.local with PID 71552 (started by ihyeonseo in /Users/ihyeonseo/Documents/hotel)
2023-06-02 15:36:53.573  INFO 71552 --- [    Test worker] com.dodam.hotel.service.PayServiceTest   : No active profile set, falling back to 1 default profile: "default"
2023-06-02 15:36:55.226  INFO 71552 --- [    Test worker] .s.d.r.c.RepositoryConfigurationDelegate : Bootstrapping Spring Data JPA repositories in DEFAULT mode.
2023-06-02 15:36:55.266  INFO 71552 --- [    Test worker] .s.d.r.c.RepositoryConfigurationDelegate : Finished Spring Data repository scanning in 33 ms. Found 0 JPA repository interfaces.
2023-06-02 15:36:56.518  INFO 71552 --- [    Test worker] o.hibernate.jpa.internal.util.LogHelper  : HHH000204: Processing PersistenceUnitInfo [name: default]
2023-06-02 15:36:56.569  INFO 71552 --- [    Test worker] org.hibernate.Version                    : HHH000412: Hibernate ORM core version 5.6.15.Final
2023-06-02 15:36:56.778  INFO 71552 --- [    Test worker] o.hibernate.annotations.common.Version   : HCANN000001: Hibernate Commons Annotations {5.1.2.Final}
2023-06-02 15:36:56.886  INFO 71552 --- [    Test worker] com.zaxxer.hikari.HikariDataSource       : HikariPool-1 - Starting...
2023-06-02 15:36:57.468  INFO 71552 --- [    Test worker] com.zaxxer.hikari.HikariDataSource       : HikariPool-1 - Start completed.
2023-06-02 15:36:57.485  INFO 71552 --- [    Test worker] org.hibernate.dialect.Dialect            : HHH000400: Using dialect: org.hibernate.dialect.MySQL57Dialect
2023-06-02 15:36:57.900  INFO 71552 --- [    Test worker] o.h.e.t.j.p.i.JtaPlatformInitiator       : HHH000490: Using JtaPlatform implementation: [org.hibernate.engine.transaction.jta.platform.internal.NoJtaPlatform]
2023-06-02 15:36:57.915  INFO 71552 --- [    Test worker] j.LocalContainerEntityManagerFactoryBean : Initialized JPA EntityManagerFactory for persistence unit 'default'
2023-06-02 15:37:01.315  INFO 71552 --- [    Test worker] com.dodam.hotel.service.PayServiceTest   : Started PayServiceTest in 8.343 seconds (JVM running for 10.444)
DIA
]]></system-out>
  <system-err><![CDATA[]]></system-err>
</testsuite>
